c:\users\shane\desktop\scyxw3\debug\courseworkbase2020.bsc
c:\users\shane\desktop\scyxw3\debug\vc141.pdb
c:\users\shane\desktop\scyxw3\debug\aboutstate.sbr
c:\users\shane\desktop\scyxw3\debug\boxobject.sbr
c:\users\shane\desktop\scyxw3\debug\brownmonster.sbr
c:\users\shane\desktop\scyxw3\debug\cw4tilemanager.sbr
c:\users\shane\desktop\scyxw3\debug\draggingdemo.sbr
c:\users\shane\desktop\scyxw3\debug\drawingsurface.sbr
c:\users\shane\desktop\scyxw3\debug\endstate.sbr
c:\users\shane\desktop\scyxw3\debug\enternamestate.sbr
c:\users\shane\desktop\scyxw3\debug\flashingdemo.sbr
c:\users\shane\desktop\scyxw3\debug\greenmonster.sbr
c:\users\shane\desktop\scyxw3\debug\imageobjectdemo.sbr
c:\users\shane\desktop\scyxw3\debug\insect.sbr
c:\users\shane\desktop\scyxw3\debug\jigsawdemo.sbr
c:\users\shane\desktop\scyxw3\debug\maincharacter.sbr
c:\users\shane\desktop\scyxw3\debug\mainfunction.sbr
c:\users\shane\desktop\scyxw3\debug\baseengine.sbr
c:\users\shane\desktop\scyxw3\debug\displayableobject.sbr
c:\users\shane\desktop\scyxw3\debug\fontmanager.sbr
c:\users\shane\desktop\scyxw3\debug\imagemappingdemo.sbr
c:\users\shane\desktop\scyxw3\debug\menustate.sbr
c:\users\shane\desktop\scyxw3\debug\menustate.obj
c:\users\shane\desktop\scyxw3\debug\imagemappingdemo.obj
c:\users\shane\desktop\scyxw3\debug\fontmanager.obj
c:\users\shane\desktop\scyxw3\debug\displayableobject.obj
c:\users\shane\desktop\scyxw3\debug\baseengine.obj
c:\users\shane\desktop\scyxw3\debug\mainfunction.obj
c:\users\shane\desktop\scyxw3\debug\maincharacter.obj
c:\users\shane\desktop\scyxw3\debug\jigsawdemo.obj
c:\users\shane\desktop\scyxw3\debug\insect.obj
c:\users\shane\desktop\scyxw3\debug\imageobjectdemo.obj
c:\users\shane\desktop\scyxw3\debug\greenmonster.obj
c:\users\shane\desktop\scyxw3\debug\flashingdemo.obj
c:\users\shane\desktop\scyxw3\debug\enternamestate.obj
c:\users\shane\desktop\scyxw3\debug\endstate.obj
c:\users\shane\desktop\scyxw3\debug\drawingsurface.obj
c:\users\shane\desktop\scyxw3\debug\draggingdemo.obj
c:\users\shane\desktop\scyxw3\debug\cw4tilemanager.obj
c:\users\shane\desktop\scyxw3\debug\brownmonster.obj
c:\users\shane\desktop\scyxw3\debug\boxobject.obj
c:\users\shane\desktop\scyxw3\debug\aboutstate.obj
c:\users\shane\desktop\scyxw3\debug\monster.sbr
c:\users\shane\desktop\scyxw3\debug\mydemoa.sbr
c:\users\shane\desktop\scyxw3\debug\myobjecta.sbr
c:\users\shane\desktop\scyxw3\debug\basestate.sbr
c:\users\shane\desktop\scyxw3\debug\mytilemanager.sbr
c:\users\shane\desktop\scyxw3\debug\normalbox.sbr
c:\users\shane\desktop\scyxw3\debug\operatoroverload.sbr
c:\users\shane\desktop\scyxw3\debug\pausestate.sbr
c:\users\shane\desktop\scyxw3\debug\redmonster.sbr
c:\users\shane\desktop\scyxw3\debug\runningstate.sbr
c:\users\shane\desktop\scyxw3\debug\scyxw3cw4engine.sbr
c:\users\shane\desktop\scyxw3\debug\simpleimage.sbr
c:\users\shane\desktop\scyxw3\debug\jasonsdemoa.sbr
c:\users\shane\desktop\scyxw3\debug\jasonsobjecta.sbr
c:\users\shane\desktop\scyxw3\debug\jasonstilemanager.sbr
c:\users\shane\desktop\scyxw3\debug\playingcardsdemo.sbr
c:\users\shane\desktop\scyxw3\debug\rawimage.sbr
c:\users\shane\desktop\scyxw3\debug\simpledemo.sbr
c:\users\shane\desktop\scyxw3\debug\starfielddemo.sbr
c:\users\shane\desktop\scyxw3\debug\tilemanager.sbr
c:\users\shane\desktop\scyxw3\debug\tilemanager.obj
c:\users\shane\desktop\scyxw3\debug\starfielddemo.obj
c:\users\shane\desktop\scyxw3\debug\simpledemo.obj
c:\users\shane\desktop\scyxw3\debug\rawimage.obj
c:\users\shane\desktop\scyxw3\debug\playingcardsdemo.obj
c:\users\shane\desktop\scyxw3\debug\jasonstilemanager.obj
c:\users\shane\desktop\scyxw3\debug\jasonsobjecta.obj
c:\users\shane\desktop\scyxw3\debug\jasonsdemoa.obj
c:\users\shane\desktop\scyxw3\debug\simpleimage.obj
c:\users\shane\desktop\scyxw3\debug\scyxw3cw4engine.obj
c:\users\shane\desktop\scyxw3\debug\runningstate.obj
c:\users\shane\desktop\scyxw3\debug\redmonster.obj
c:\users\shane\desktop\scyxw3\debug\pausestate.obj
c:\users\shane\desktop\scyxw3\debug\operatoroverload.obj
c:\users\shane\desktop\scyxw3\debug\normalbox.obj
c:\users\shane\desktop\scyxw3\debug\mytilemanager.obj
c:\users\shane\desktop\scyxw3\debug\basestate.obj
c:\users\shane\desktop\scyxw3\debug\myobjecta.obj
c:\users\shane\desktop\scyxw3\debug\mydemoa.obj
c:\users\shane\desktop\scyxw3\debug\monster.obj
c:\users\shane\desktop\scyxw3\debug\bouncingball.sbr
c:\users\shane\desktop\scyxw3\debug\bouncingballmain.sbr
c:\users\shane\desktop\scyxw3\debug\zoomingdemo.sbr
c:\users\shane\desktop\scyxw3\debug\zoomingdemo.obj
c:\users\shane\desktop\scyxw3\debug\bouncingballmain.obj
c:\users\shane\desktop\scyxw3\debug\bouncingball.obj
c:\users\shane\desktop\scyxw3\debug\mazedemomain.sbr
c:\users\shane\desktop\scyxw3\debug\mazedemoobject.sbr
c:\users\shane\desktop\scyxw3\debug\mazedemotilemanager.sbr
c:\users\shane\desktop\scyxw3\debug\mazedemotilemanager.obj
c:\users\shane\desktop\scyxw3\debug\mazedemoobject.obj
c:\users\shane\desktop\scyxw3\debug\mazedemomain.obj
c:\users\shane\desktop\scyxw3\debug\courseworkbase2020.exe
c:\users\shane\desktop\scyxw3\debug\courseworkbase2020.ilk
c:\users\shane\desktop\scyxw3\src\map
c:\users\shane\desktop\scyxw3\debug\courseworkbase2020.pdb
c:\users\shane\desktop\scyxw3\debug\courseworkbase2020.res
c:\users\shane\desktop\scyxw3\/debug\courseworkbase2020.pdb
c:\users\shane\desktop\scyxw3\/debug\courseworkbase2020.exe
c:\users\shane\desktop\scyxw3\/debug\courseworkbase2020.bsc
c:\users\shane\desktop\scyxw3\/debug\courseworkbase2020.ilk
c:\users\shane\desktop\scyxw3\debug\coursewo.63f64093.tlog\bscmake.command.1.tlog
c:\users\shane\desktop\scyxw3\debug\coursewo.63f64093.tlog\bscmake.read.1.tlog
c:\users\shane\desktop\scyxw3\debug\coursewo.63f64093.tlog\bscmake.write.1.tlog
c:\users\shane\desktop\scyxw3\debug\coursewo.63f64093.tlog\cl.command.1.tlog
c:\users\shane\desktop\scyxw3\debug\coursewo.63f64093.tlog\cl.read.1.tlog
c:\users\shane\desktop\scyxw3\debug\coursewo.63f64093.tlog\cl.write.1.tlog
c:\users\shane\desktop\scyxw3\debug\coursewo.63f64093.tlog\link.command.1.tlog
c:\users\shane\desktop\scyxw3\debug\coursewo.63f64093.tlog\link.read.1.tlog
c:\users\shane\desktop\scyxw3\debug\coursewo.63f64093.tlog\link.write.1.tlog
c:\users\shane\desktop\scyxw3\debug\coursewo.63f64093.tlog\rc.command.1.tlog
c:\users\shane\desktop\scyxw3\debug\coursewo.63f64093.tlog\rc.read.1.tlog
c:\users\shane\desktop\scyxw3\debug\coursewo.63f64093.tlog\rc.write.1.tlog
